<?xml version="1.0" encoding="UTF-8"?>
<!-- Generated by org.testng.reporters.JUnitReportReporter -->
<testsuite hostname="LIN-5CD532CCPB" failures="0" tests="1" name="com.orangehrm.test.DummyClass" time="19.124" errors="0" timestamp="2025-10-26T21:28:09 IST" skipped="0">
  <testcase classname="com.orangehrm.test.DummyClass" name="dummyTest" time="19.124"/>
</testsuite> <!-- com.orangehrm.test.DummyClass -->
